build/library
в”њв”Ђв”Ђ cells
в”‚В В  в”њв”Ђв”Ђ cell_btm
в”‚В В  в”‚В В  в”њв”Ђв”Ђ arch.json
в”‚В В  в”‚В В  в”њв”Ђв”Ђ Bender.yml
в”‚В В  в”‚В В  в”њв”Ђв”Ђ isa.json
в”‚В В  в”‚В В  в”њв”Ђв”Ђ rtl
в”‚В В  в”‚В В  в”‚В В  в””в”Ђв”Ђ cell_btm.sv.j2
в”‚В В  в”‚В В  в””в”Ђв”Ђ tech:tsmc28.json
в”‚В В  в”њв”Ђв”Ђ cell_mid
в”‚В В  в”‚В В  в”њв”Ђв”Ђ arch.json
в”‚В В  в”‚В В  в”њв”Ђв”Ђ Bender.yml
в”‚В В  в”‚В В  в”њв”Ђв”Ђ isa.json
в”‚В В  в”‚В В  в”њв”Ђв”Ђ rtl
в”‚В В  в”‚В В  в”‚В В  в””в”Ђв”Ђ cell_mid.sv.j2
в”‚В В  в”‚В В  в””в”Ђв”Ђ tech:tsmc28.json
в”‚В В  в”њв”Ђв”Ђ cell_single_row
в”‚В В  в”‚В В  в”њв”Ђв”Ђ arch.json
в”‚В В  в”‚В В  в”њв”Ђв”Ђ Bender.yml
в”‚В В  в”‚В В  в”њв”Ђв”Ђ isa.json
в”‚В В  в”‚В В  в”њв”Ђв”Ђ rtl
в”‚В В  в”‚В В  в”‚В В  в””в”Ђв”Ђ cell_single_row.sv.j2
в”‚В В  в”‚В В  в””в”Ђв”Ђ tech:tsmc28.json
в”‚В В  в””в”Ђв”Ђ cell_top
в”‚В В      в”њв”Ђв”Ђ arch.json
в”‚В В      в”њв”Ђв”Ђ Bender.yml
в”‚В В      в”њв”Ђв”Ђ isa.json
в”‚В В      в”њв”Ђв”Ђ rtl
в”‚В В      в”‚В В  в””в”Ђв”Ђ cell_top.sv.j2
в”‚В В      в””в”Ђв”Ђ tech:tsmc28.json
в”њв”Ђв”Ђ common
в”‚В В  в”њв”Ђв”Ђ agu
в”‚В В  в”‚В В  в”њв”Ђв”Ђ Bender.yml
в”‚В В  в”‚В В  в””в”Ђв”Ђ rtl
в”‚В В  в”‚В В      в””в”Ђв”Ђ agu.sv
в”‚В В  в””в”Ђв”Ђ sram
в”‚В В      в”њв”Ђв”Ђ Bender.yml
в”‚В В      в””в”Ђв”Ђ rtl
в”‚В В          в”њв”Ђв”Ђ sram:sim.sv
в”‚В В          в””в”Ђв”Ђ sram:tsmc28.sv
в”њв”Ђв”Ђ controllers
в”‚В В  в””в”Ђв”Ђ sequencer
в”‚В В      в”њв”Ђв”Ђ arch.json
в”‚В В      в”њв”Ђв”Ђ Bender.yml
в”‚В В      в”њв”Ђв”Ђ isa.json
в”‚В В      в”њв”Ђв”Ђ rtl
в”‚В В      в”‚В В  в””в”Ђв”Ђ sequencer.sv.j2
в”‚В В      в””в”Ђв”Ђ tech:tsmc28.json
в”њв”Ђв”Ђ fabric
в”‚В В  в”њв”Ђв”Ђ Bender.yml
в”‚В В  в””в”Ђв”Ђ rtl
в”‚В В      в””в”Ђв”Ђ fabric.sv.j2
в””в”Ђв”Ђ tb
    в”њв”Ђв”Ђ Bender.yml
    в””в”Ђв”Ђ rtl
        в””в”Ђв”Ђ tb.sv

22 directories, 34 files
